<?xml version="1.0" encoding="UTF-8"?>
<!-- Generated by org.testng.reporters.JUnitReportReporter -->
<testsuite hostname="DESKTOP-LJ9USIQ" failures="0" tests="2" name="com.testngpractise.test1" time="0.068" errors="0" timestamp="2022-07-27T10:38:25 PDT" skipped="0">
  <testcase classname="com.testngpractise.test1" name="test" time="0.010"/>
  <system-out/>
  <testcase classname="com.testngpractise.test1" name="test11" time="0.058"/>
  <system-out/>
</testsuite> <!-- com.testngpractise.test1 -->
