<?xml version="1.0" encoding="UTF-8"?>
<!-- Generated by org.testng.reporters.JUnitReportReporter -->
<testsuite hostname="DESKTOP-LJ9USIQ" failures="0" tests="6" name="com.testngpractise.grouping" time="0.068" errors="0" timestamp="2022-07-27T10:38:25 PDT" skipped="0">
  <testcase classname="com.testngpractise.grouping" name="logout" time="0.003"/>
  <system-out/>
  <testcase classname="com.testngpractise.grouping" name="login" time="0.004"/>
  <system-out/>
  <testcase classname="com.testngpractise.grouping" name="homepagevalidation2" time="0.018"/>
  <system-out/>
  <testcase classname="com.testngpractise.grouping" name="homepagevalidation3" time="0.010"/>
  <system-out/>
  <testcase classname="com.testngpractise.grouping" name="homepagevalidation1" time="0.026"/>
  <system-out/>
  <testcase classname="com.testngpractise.grouping" name="homepagevalidation4" time="0.007"/>
  <system-out/>
</testsuite> <!-- com.testngpractise.grouping -->
