<?xml version="1.0" encoding="UTF-8"?>
<!-- Generated by org.testng.reporters.JUnitReportReporter -->
<testsuite hostname="DESKTOP-LJ9USIQ" failures="0" tests="4" name="com.testngpractise.dependencytest" time="0.026" errors="0" timestamp="2022-07-26T10:59:35 PDT" skipped="0">
  <testcase classname="com.testngpractise.dependencytest" name="test3" time="0.004"/>
  <system-out/>
  <testcase classname="com.testngpractise.dependencytest" name="testa" time="0.004"/>
  <system-out/>
  <testcase classname="com.testngpractise.dependencytest" name="test2" time="0.003"/>
  <system-out/>
  <testcase classname="com.testngpractise.dependencytest" name="test1" time="0.015"/>
  <system-out/>
</testsuite> <!-- com.testngpractise.dependencytest -->
