<?xml version="1.0" encoding="UTF-8"?>
<!-- Generated by org.testng.reporters.JUnitReportReporter -->
<testsuite hostname="DESKTOP-LJ9USIQ" failures="0" tests="3" name="com.testngpractise.test2" time="0.072" errors="0" timestamp="2022-07-27T10:38:25 PDT" skipped="0">
  <testcase classname="com.testngpractise.test2" name="test2" time="0.018"/>
  <system-out/>
  <testcase classname="com.testngpractise.test2" name="test" time="0.004"/>
  <system-out/>
  <testcase classname="com.testngpractise.test2" name="test3" time="0.050"/>
  <system-out/>
</testsuite> <!-- com.testngpractise.test2 -->
